<?xml version="1.0" encoding="UTF-8"?>
<!-- Generated by org.testng.reporters.JUnitReportReporter -->
<testsuite hostname="Admins-Air" failures="0" tests="1" name="SeleniumPractices.ExtendReports.Extendsreports" time="14.630" errors="0" timestamp="2023-01-18T11:16:18 IST" skipped="0">
  <testcase classname="SeleniumPractices.ExtendReports.Extendsreports" name="initialdemo" time="14.630"/>
  <system-out/>
</testsuite> <!-- SeleniumPractices.ExtendReports.Extendsreports -->
